::1 - - [01/Dec/2025:16:25:05 +0000] "GET / HTTP/1.1" 404 139 "-" "Mozilla/5.0 (Windows NT 10.0; Win64; x64) AppleWebKit/537.36 (KHTML, like Gecko) Chrome/142.0.0.0 Safari/537.36 Edg/142.0.0.0"
2025-12-01T16:25:05.744Z | ::1 | GET /
::1 - - [01/Dec/2025:16:29:35 +0000] "POST /api/users HTTP/1.1" 500 86 "-" "PostmanRuntime/7.49.1"
2025-12-01T16:29:35.127Z | ::1 | POST /api/users
2025-12-01T16:29:57.226Z | ::1 | POST /api/users
::1 - - [01/Dec/2025:16:29:57 +0000] "POST /api/users HTTP/1.1" 201 146 "-" "PostmanRuntime/7.49.1"
2025-12-01T16:30:11.820Z | ::1 | GET /api/users
::1 - - [01/Dec/2025:16:30:11 +0000] "GET /api/users HTTP/1.1" 200 187 "-" "PostmanRuntime/7.49.1"
::1 - - [01/Dec/2025:16:30:36 +0000] "GET /api/orders HTTP/1.1" 404 149 "-" "PostmanRuntime/7.49.1"
2025-12-01T16:30:36.238Z | ::1 | GET /api/orders
::1 - - [01/Dec/2025:16:30:36 +0000] "GET /api/orders HTTP/1.1" 404 149 "-" "PostmanRuntime/7.49.1"
2025-12-01T16:30:36.958Z | ::1 | GET /api/orders
::1 - - [01/Dec/2025:16:31:28 +0000] "POST /api/orders HTTP/1.1" 500 174 "-" "PostmanRuntime/7.49.1"
2025-12-01T16:31:28.339Z | ::1 | POST /api/orders
2025-12-01T16:40:31.198Z | POST | /api/orders
2025-12-01T16:41:07.535Z | POST | /api/users
2025-12-01T16:52:47.686Z | POST | /api/warehouse
2025-12-01T16:53:02.631Z | GET | /api/files
2025-12-01T16:53:32.414Z | GET | /api/warehous
2025-12-01T16:53:40.471Z | GET | /api/warehouse
2025-12-01T16:59:06.434Z | POST | /api/files/upload
2025-12-01T16:59:13.269Z | GET | /api/files/upload
2025-12-01T16:59:17.158Z | GET | /api/files
2025-12-01T17:01:09.301Z | POST | /api/files/upload
2025-12-01T17:02:06.138Z | POST | /api/files/upload
2025-12-01T17:04:44.230Z | GET | /api/files
2025-12-01T17:06:19.191Z | GET | /api/files
